     1                                  extern printf
     2                                  section .data
     3 00000000 576974616A00            	msg db 'Witaj',0
     4 00000006 57696E646F77732031-     	fmt db 'Windows 10 mówi: %s',10,0
     4 0000000F 30206DC3B377693A20-
     4 00000018 25730A00           
     5                                  	
     6                                  	section .text
     7                                  		global main
     8                                  main:
     9 00000000 55                      	push rbp
    10 00000001 4889E5                  	mov rbp,rsp
    11 00000004 48B9-                   		mov rcx,fmt
    11 00000006 [0600000000000000] 
    12 0000000E 48BA-                   		mov rdx,msg
    12 00000010 [0000000000000000] 
    13 00000018 4883EC20                		sub rsp,32
    14 0000001C E8(00000000)            		call printf
    15 00000021 4883C420                		add rsp,32
    16 00000025 C9                      	leave
    17 00000026 C3                      ret
